c:\users\정우주\desktop\sga\tetris\tetris\tetris\x64\debug\vc143.pdb
c:\users\정우주\desktop\sga\tetris\tetris\tetris\x64\debug\vc143.idb
c:\users\정우주\desktop\sga\tetris\tetris\tetris\x64\debug\main.obj
c:\users\정우주\desktop\sga\tetris\tetris\tetris\x64\debug\inputmanager.obj
c:\users\정우주\desktop\sga\tetris\tetris\tetris\x64\debug\game.obj
c:\users\정우주\desktop\sga\tetris\tetris\tetris\x64\debug\consolemanger.obj
c:\users\정우주\desktop\sga\tetris\tetris\tetris\x64\debug\block.obj
c:\users\정우주\desktop\sga\tetris\tetris\x64\debug\tetris.pdb
c:\users\정우주\desktop\sga\tetris\tetris\tetris\x64\debug\tetris.tlog\cl.command.1.tlog
c:\users\정우주\desktop\sga\tetris\tetris\tetris\x64\debug\tetris.tlog\cl.read.1.tlog
c:\users\정우주\desktop\sga\tetris\tetris\tetris\x64\debug\tetris.tlog\cl.write.1.tlog
c:\users\정우주\desktop\sga\tetris\tetris\tetris\x64\debug\tetris.tlog\link-cvtres.read.1.tlog
c:\users\정우주\desktop\sga\tetris\tetris\tetris\x64\debug\tetris.tlog\link-cvtres.write.1.tlog
c:\users\정우주\desktop\sga\tetris\tetris\tetris\x64\debug\tetris.tlog\link-rc.read.1.tlog
c:\users\정우주\desktop\sga\tetris\tetris\tetris\x64\debug\tetris.tlog\link-rc.write.1.tlog
c:\users\정우주\desktop\sga\tetris\tetris\tetris\x64\debug\tetris.tlog\link.command.1.tlog
c:\users\정우주\desktop\sga\tetris\tetris\tetris\x64\debug\tetris.tlog\link.read.1.tlog
c:\users\정우주\desktop\sga\tetris\tetris\tetris\x64\debug\tetris.tlog\link.read.2.tlog
c:\users\정우주\desktop\sga\tetris\tetris\tetris\x64\debug\tetris.tlog\link.read.3.tlog
c:\users\정우주\desktop\sga\tetris\tetris\tetris\x64\debug\tetris.tlog\link.read.4.tlog
c:\users\정우주\desktop\sga\tetris\tetris\tetris\x64\debug\tetris.tlog\link.write.1.tlog
